d:\voxelspace\voxelspace\enginecore\src\enginecore\x64\debug\vc142.pdb
d:\voxelspace\voxelspace\enginecore\src\enginecore\x64\debug\vc142.idb
d:\voxelspace\voxelspace\enginecore\src\enginecore\x64\debug\glad.obj
d:\voxelspace\voxelspace\enginecore\src\enginecore\x64\debug\game1.obj
d:\voxelspace\voxelspace\enginecore\src\enginecore\x64\debug\vertexarray.obj
d:\voxelspace\voxelspace\enginecore\src\enginecore\x64\debug\texture.obj
d:\voxelspace\voxelspace\enginecore\src\enginecore\x64\debug\test_draw.obj
d:\voxelspace\voxelspace\enginecore\src\enginecore\x64\debug\stb_iamge.obj
d:\voxelspace\voxelspace\enginecore\src\enginecore\x64\debug\spritecomponent.obj
d:\voxelspace\voxelspace\enginecore\src\enginecore\x64\debug\source.obj
d:\voxelspace\voxelspace\enginecore\src\enginecore\x64\debug\shader.obj
d:\voxelspace\voxelspace\enginecore\src\enginecore\x64\debug\random.obj
d:\voxelspace\voxelspace\enginecore\src\enginecore\x64\debug\movecomponent.obj
d:\voxelspace\voxelspace\enginecore\src\enginecore\x64\debug\math.obj
d:\voxelspace\voxelspace\enginecore\src\enginecore\x64\debug\main.obj
d:\voxelspace\voxelspace\enginecore\src\enginecore\x64\debug\littleboy.obj
d:\voxelspace\voxelspace\enginecore\src\enginecore\x64\debug\gameworld.obj
d:\voxelspace\voxelspace\enginecore\src\enginecore\x64\debug\engine.obj
d:\voxelspace\voxelspace\enginecore\src\enginecore\x64\debug\component.obj
d:\voxelspace\voxelspace\enginecore\src\enginecore\x64\debug\ball.obj
d:\voxelspace\voxelspace\enginecore\src\enginecore\x64\debug\animspritecomponent.obj
d:\voxelspace\voxelspace\enginecore\src\enginecore\x64\debug\actor.obj
d:\voxelspace\voxelspace\enginecore\x64\debug\enginecore.exe
d:\voxelspace\voxelspace\enginecore\x64\debug\enginecore.ilk
d:\voxelspace\voxelspace\enginecore\x64\debug\enginecore.pdb
d:\voxelspace\voxelspace\enginecore\src\enginecore\x64\debug\game.obj
d:\voxelspace\voxelspace\enginecore\src\enginecore\x64\debug\gamelevel.obj
d:\voxelspace\voxelspace\enginecore\src\enginecore\x64\debug\enginecore.tlog\cl.command.1.tlog
d:\voxelspace\voxelspace\enginecore\src\enginecore\x64\debug\enginecore.tlog\cl.read.1.tlog
d:\voxelspace\voxelspace\enginecore\src\enginecore\x64\debug\enginecore.tlog\cl.write.1.tlog
d:\voxelspace\voxelspace\enginecore\src\enginecore\x64\debug\enginecore.tlog\link.command.1.tlog
d:\voxelspace\voxelspace\enginecore\src\enginecore\x64\debug\enginecore.tlog\link.read.1.tlog
d:\voxelspace\voxelspace\enginecore\src\enginecore\x64\debug\enginecore.tlog\link.write.1.tlog
