d:\voxelspace\test_module\enginecore\enginecore\x64\debug\vc142.pdb
d:\voxelspace\test_module\enginecore\enginecore\x64\debug\vc142.idb
d:\voxelspace\test_module\enginecore\enginecore\x64\debug\glad.obj
d:\voxelspace\enginecore\enginecore\x64\debug\vc142.pdb
d:\voxelspace\enginecore\enginecore\x64\debug\vc142.idb
d:\voxelspace\enginecore\enginecore\x64\debug\vertexarray.obj
d:\voxelspace\enginecore\enginecore\x64\debug\main.obj
d:\voxelspace\enginecore\enginecore\x64\debug\engine.obj
d:\voxelspace\enginecore\enginecore\x64\debug\glad.obj
d:\voxelspace\enginecore\enginecore\x64\debug\source.obj
d:\voxelspace\enginecore\enginecore\x64\debug\test_draw.obj
d:\voxelspace\enginecore\enginecore\x64\debug\actor.obj
d:\voxelspace\enginecore\enginecore\x64\debug\shader.obj
d:\voxelspace\test_module\enginecore\x64\debug\enginecore.exe
d:\voxelspace\test_module\enginecore\x64\debug\enginecore.ilk
d:\voxelspace\test_module\enginecore\x64\debug\enginecore.pdb
d:\voxelspace\enginecore\x64\debug\enginecore.pdb
d:\voxelspace\enginecore\enginecore\x64\debug\enginecore.tlog\cl.command.1.tlog
d:\voxelspace\enginecore\enginecore\x64\debug\enginecore.tlog\cl.read.1.tlog
d:\voxelspace\enginecore\enginecore\x64\debug\enginecore.tlog\cl.write.1.tlog
d:\voxelspace\enginecore\enginecore\x64\debug\enginecore.tlog\link-cvtres.read.1.tlog
d:\voxelspace\enginecore\enginecore\x64\debug\enginecore.tlog\link-cvtres.write.1.tlog
d:\voxelspace\enginecore\enginecore\x64\debug\enginecore.tlog\link-rc.read.1.tlog
d:\voxelspace\enginecore\enginecore\x64\debug\enginecore.tlog\link-rc.write.1.tlog
d:\voxelspace\enginecore\enginecore\x64\debug\enginecore.tlog\link.1336-cvtres.read.1.tlog
d:\voxelspace\enginecore\enginecore\x64\debug\enginecore.tlog\link.1336-cvtres.write.1.tlog
d:\voxelspace\enginecore\enginecore\x64\debug\enginecore.tlog\link.1336-rc.read.1.tlog
d:\voxelspace\enginecore\enginecore\x64\debug\enginecore.tlog\link.1336-rc.write.1.tlog
d:\voxelspace\enginecore\enginecore\x64\debug\enginecore.tlog\link.1336.read.1.tlog
d:\voxelspace\enginecore\enginecore\x64\debug\enginecore.tlog\link.1336.write.1.tlog
d:\voxelspace\enginecore\enginecore\x64\debug\enginecore.tlog\link.command.1.tlog
d:\voxelspace\enginecore\enginecore\x64\debug\enginecore.tlog\link.read.1.tlog
d:\voxelspace\enginecore\enginecore\x64\debug\enginecore.tlog\link.write.1.tlog
